<?xml version="1.0" encoding="UTF-8"?>
<!-- Generated by org.testng.reporters.JUnitReportReporter -->
<testsuite skipped="0" hostname="GGKU4DELL1188" name="com.GitMaven.test.TestNGtest" tests="1" failures="0" timestamp="2021-02-07T12:18:58 IST" time="11.400" errors="0">
  <testcase name="Navigate" time="11.400" classname="com.GitMaven.test.TestNGtest"/>
  <system-out/>
</testsuite> <!-- com.GitMaven.test.TestNGtest -->
