<?xml version="1.0" encoding="UTF-8"?>
<!-- Generated by org.testng.reporters.JUnitReportReporter -->
<testsuite skipped="0" hostname="GGKU4DELL1188" name="com.OrangeHRM.Test_1" tests="1" failures="0" timestamp="2021-01-20T10:54:38 IST" time="0.014" errors="0">
  <testcase name="test" time="0.014" classname="com.OrangeHRM.Test_1"/>
  <system-out/>
</testsuite> <!-- com.OrangeHRM.Test_1 -->
