<?xml version="1.0" encoding="UTF-8"?>
<!-- Generated by org.testng.reporters.JUnitReportReporter -->
<testsuite skipped="0" hostname="GGKU4DELL1188" name="com.Automate.tests.Tests" tests="1" failures="0" timestamp="2021-03-28T18:42:19 IST" time="2.235" errors="0">
  <testcase name="BankManagerLogin" time="2.235" classname="com.Automate.tests.Tests"/>
  <system-out/>
</testsuite> <!-- com.Automate.tests.Tests -->
