<?xml version="1.0" encoding="UTF-8"?>
<!-- Generated by org.testng.reporters.JUnitReportReporter -->
<testsuite skipped="0" hostname="GGKU4DELL1188" name="com.Automate.tests.Te1sts" tests="2" failures="0" timestamp="2021-04-13T19:22:49 IST" time="8.733" errors="0">
  <testcase name="addCustomerTest" time="5.858" classname="com.Automate.tests.Te1sts"/>
  <system-out/>
  <testcase name="BankManagerLogin" time="2.875" classname="com.Automate.tests.Te1sts"/>
  <system-out/>
</testsuite> <!-- com.Automate.tests.Te1sts -->
